<?xml version="1.0" encoding="UTF-8"?>
<!-- Generated by org.testng.reporters.JUnitXMLReporter -->
<testsuite ignored="0" hostname="MacBook-Pro-georg.local" failures="0" tests="4" name="Default test" time="23.216" errors="0" timestamp="2022-10-10T23:48:50 CEST">
  <testcase classname="tests.Tests1" name="checkFooterPositions" time="1.361"/>
  <testcase classname="tests.Tests1" name="checkFooterPosotionsWithClasses" time="1.379"/>
  <testcase classname="tests.Tests1" name="navigateOnThePage" time="0.0"/>
  <testcase classname="tests.Tests1" name="successLogInTest" time="15.472"/>
</testsuite> <!-- Default test -->
