<?xml version="1.0" encoding="UTF-8"?>
<testng-results ignored="0" total="4" passed="4" failed="0" skipped="0">
  <reporter-output>
  </reporter-output>
  <suite started-at="2022-10-10T23:48:27 CEST" name="Default suite" finished-at="2022-10-10T23:48:50 CEST" duration-ms="23216">
    <groups>
    </groups>
    <test started-at="2022-10-10T23:48:27 CEST" name="Default test" finished-at="2022-10-10T23:48:50 CEST" duration-ms="23216">
      <class name="tests.Tests1">
        <test-method is-config="true" signature="setUp()[pri:0, instance:tests.Tests1@f8c1ddd]" started-at="2022-10-10T23:48:27 CEST" name="setUp" finished-at="2022-10-10T23:48:29 CEST" duration-ms="1780" status="PASS">
          <reporter-output>
          </reporter-output>
        </test-method> <!-- setUp -->
        <test-method signature="checkFooterPositions()[pri:0, instance:tests.Tests1@f8c1ddd]" started-at="2022-10-10T23:48:29 CEST" name="checkFooterPositions" finished-at="2022-10-10T23:48:30 CEST" duration-ms="1361" status="PASS">
          <reporter-output>
          </reporter-output>
        </test-method> <!-- checkFooterPositions -->
        <test-method is-config="true" signature="tearDown()[pri:0, instance:tests.Tests1@f8c1ddd]" started-at="2022-10-10T23:48:30 CEST" name="tearDown" finished-at="2022-10-10T23:48:30 CEST" duration-ms="146" status="PASS">
          <reporter-output>
          </reporter-output>
        </test-method> <!-- tearDown -->
        <test-method is-config="true" signature="setUp()[pri:0, instance:tests.Tests1@f8c1ddd]" started-at="2022-10-10T23:48:30 CEST" name="setUp" finished-at="2022-10-10T23:48:31 CEST" duration-ms="875" status="PASS">
          <reporter-output>
          </reporter-output>
        </test-method> <!-- setUp -->
        <test-method signature="checkFooterPosotionsWithClasses()[pri:0, instance:tests.Tests1@f8c1ddd]" started-at="2022-10-10T23:48:31 CEST" name="checkFooterPosotionsWithClasses" finished-at="2022-10-10T23:48:32 CEST" duration-ms="1379" status="PASS">
          <reporter-output>
          </reporter-output>
        </test-method> <!-- checkFooterPosotionsWithClasses -->
        <test-method is-config="true" signature="tearDown()[pri:0, instance:tests.Tests1@f8c1ddd]" started-at="2022-10-10T23:48:32 CEST" name="tearDown" finished-at="2022-10-10T23:48:32 CEST" duration-ms="133" status="PASS">
          <reporter-output>
          </reporter-output>
        </test-method> <!-- tearDown -->
        <test-method is-config="true" signature="setUp()[pri:0, instance:tests.Tests1@f8c1ddd]" started-at="2022-10-10T23:48:32 CEST" name="setUp" finished-at="2022-10-10T23:48:33 CEST" duration-ms="822" status="PASS">
          <reporter-output>
          </reporter-output>
        </test-method> <!-- setUp -->
        <test-method signature="navigateOnThePage()[pri:0, instance:tests.Tests1@f8c1ddd]" started-at="2022-10-10T23:48:33 CEST" name="navigateOnThePage" finished-at="2022-10-10T23:48:33 CEST" duration-ms="0" status="PASS">
          <reporter-output>
          </reporter-output>
        </test-method> <!-- navigateOnThePage -->
        <test-method is-config="true" signature="tearDown()[pri:0, instance:tests.Tests1@f8c1ddd]" started-at="2022-10-10T23:48:33 CEST" name="tearDown" finished-at="2022-10-10T23:48:34 CEST" duration-ms="189" status="PASS">
          <reporter-output>
          </reporter-output>
        </test-method> <!-- tearDown -->
        <test-method is-config="true" signature="setUp()[pri:0, instance:tests.Tests1@f8c1ddd]" started-at="2022-10-10T23:48:34 CEST" name="setUp" finished-at="2022-10-10T23:48:34 CEST" duration-ms="798" status="PASS">
          <reporter-output>
          </reporter-output>
        </test-method> <!-- setUp -->
        <test-method signature="successLogInTest()[pri:0, instance:tests.Tests1@f8c1ddd]" started-at="2022-10-10T23:48:34 CEST" name="successLogInTest" finished-at="2022-10-10T23:48:50 CEST" duration-ms="15472" status="PASS">
          <reporter-output>
          </reporter-output>
        </test-method> <!-- successLogInTest -->
        <test-method is-config="true" signature="tearDown()[pri:0, instance:tests.Tests1@f8c1ddd]" started-at="2022-10-10T23:48:50 CEST" name="tearDown" finished-at="2022-10-10T23:48:50 CEST" duration-ms="244" status="PASS">
          <reporter-output>
          </reporter-output>
        </test-method> <!-- tearDown -->
      </class> <!-- tests.Tests1 -->
    </test> <!-- Default test -->
  </suite> <!-- Default suite -->
</testng-results>
